<?xml version="1.0" encoding="UTF-8"?>
<testsuite xmlns:xsi="http://www.w3.org/2001/XMLSchema-instance" xsi:noNamespaceSchemaLocation="https://maven.apache.org/surefire/maven-surefire-plugin/xsd/surefire-test-report.xsd" version="3.0.2" name="com.document.chat.rag.RagApplicationTests" time="14.41" tests="1" errors="0" skipped="0" failures="0">
  <properties>
    <property name="java.specification.version" value="21"/>
    <property name="sun.jnu.encoding" value="UTF-8"/>
    <property name="java.class.path" value="/Users/sourav/Documents/Development/AI/rag-master/target/test-classes:/Users/sourav/Documents/Development/AI/rag-master/target/classes:/Users/sourav/.m2/repository/org/springframework/boot/spring-boot-starter-data-jdbc/3.4.2/spring-boot-starter-data-jdbc-3.4.2.jar:/Users/sourav/.m2/repository/org/springframework/boot/spring-boot-starter-jdbc/3.4.2/spring-boot-starter-jdbc-3.4.2.jar:/Users/sourav/.m2/repository/com/zaxxer/HikariCP/5.1.0/HikariCP-5.1.0.jar:/Users/sourav/.m2/repository/org/springframework/spring-jdbc/6.2.2/spring-jdbc-6.2.2.jar:/Users/sourav/.m2/repository/org/springframework/data/spring-data-jdbc/3.4.2/spring-data-jdbc-3.4.2.jar:/Users/sourav/.m2/repository/org/springframework/data/spring-data-relational/3.4.2/spring-data-relational-3.4.2.jar:/Users/sourav/.m2/repository/org/springframework/data/spring-data-commons/3.4.2/spring-data-commons-3.4.2.jar:/Users/sourav/.m2/repository/org/springframework/spring-tx/6.2.2/spring-tx-6.2.2.jar:/Users/sourav/.m2/repository/org/springframework/spring-context/6.2.2/spring-context-6.2.2.jar:/Users/sourav/.m2/repository/org/springframework/spring-beans/6.2.2/spring-beans-6.2.2.jar:/Users/sourav/.m2/repository/org/slf4j/slf4j-api/2.0.16/slf4j-api-2.0.16.jar:/Users/sourav/.m2/repository/org/springframework/boot/spring-boot-starter-web/3.4.2/spring-boot-starter-web-3.4.2.jar:/Users/sourav/.m2/repository/org/springframework/boot/spring-boot-starter/3.4.2/spring-boot-starter-3.4.2.jar:/Users/sourav/.m2/repository/org/springframework/boot/spring-boot/3.4.2/spring-boot-3.4.2.jar:/Users/sourav/.m2/repository/org/springframework/boot/spring-boot-autoconfigure/3.4.2/spring-boot-autoconfigure-3.4.2.jar:/Users/sourav/.m2/repository/org/springframework/boot/spring-boot-starter-logging/3.4.2/spring-boot-starter-logging-3.4.2.jar:/Users/sourav/.m2/repository/ch/qos/logback/logback-classic/1.5.16/logback-classic-1.5.16.jar:/Users/sourav/.m2/repository/ch/qos/logback/logback-core/1.5.16/logback-core-1.5.16.jar:/Users/sourav/.m2/repository/org/apache/logging/log4j/log4j-to-slf4j/2.24.3/log4j-to-slf4j-2.24.3.jar:/Users/sourav/.m2/repository/org/apache/logging/log4j/log4j-api/2.24.3/log4j-api-2.24.3.jar:/Users/sourav/.m2/repository/org/slf4j/jul-to-slf4j/2.0.16/jul-to-slf4j-2.0.16.jar:/Users/sourav/.m2/repository/jakarta/annotation/jakarta.annotation-api/2.1.1/jakarta.annotation-api-2.1.1.jar:/Users/sourav/.m2/repository/org/yaml/snakeyaml/2.3/snakeyaml-2.3.jar:/Users/sourav/.m2/repository/org/springframework/boot/spring-boot-starter-json/3.4.2/spring-boot-starter-json-3.4.2.jar:/Users/sourav/.m2/repository/com/fasterxml/jackson/core/jackson-databind/2.18.2/jackson-databind-2.18.2.jar:/Users/sourav/.m2/repository/com/fasterxml/jackson/datatype/jackson-datatype-jdk8/2.18.2/jackson-datatype-jdk8-2.18.2.jar:/Users/sourav/.m2/repository/com/fasterxml/jackson/datatype/jackson-datatype-jsr310/2.18.2/jackson-datatype-jsr310-2.18.2.jar:/Users/sourav/.m2/repository/com/fasterxml/jackson/module/jackson-module-parameter-names/2.18.2/jackson-module-parameter-names-2.18.2.jar:/Users/sourav/.m2/repository/org/springframework/boot/spring-boot-starter-tomcat/3.4.2/spring-boot-starter-tomcat-3.4.2.jar:/Users/sourav/.m2/repository/org/apache/tomcat/embed/tomcat-embed-core/10.1.34/tomcat-embed-core-10.1.34.jar:/Users/sourav/.m2/repository/org/apache/tomcat/embed/tomcat-embed-el/10.1.34/tomcat-embed-el-10.1.34.jar:/Users/sourav/.m2/repository/org/apache/tomcat/embed/tomcat-embed-websocket/10.1.34/tomcat-embed-websocket-10.1.34.jar:/Users/sourav/.m2/repository/org/springframework/spring-web/6.2.2/spring-web-6.2.2.jar:/Users/sourav/.m2/repository/io/micrometer/micrometer-observation/1.14.3/micrometer-observation-1.14.3.jar:/Users/sourav/.m2/repository/io/micrometer/micrometer-commons/1.14.3/micrometer-commons-1.14.3.jar:/Users/sourav/.m2/repository/org/springframework/spring-webmvc/6.2.2/spring-webmvc-6.2.2.jar:/Users/sourav/.m2/repository/org/springframework/spring-expression/6.2.2/spring-expression-6.2.2.jar:/Users/sourav/.m2/repository/org/springframework/boot/spring-boot-starter-security/3.4.2/spring-boot-starter-security-3.4.2.jar:/Users/sourav/.m2/repository/org/springframework/spring-aop/6.2.2/spring-aop-6.2.2.jar:/Users/sourav/.m2/repository/org/springframework/security/spring-security-config/6.4.2/spring-security-config-6.4.2.jar:/Users/sourav/.m2/repository/org/springframework/security/spring-security-core/6.4.2/spring-security-core-6.4.2.jar:/Users/sourav/.m2/repository/org/springframework/security/spring-security-crypto/6.4.2/spring-security-crypto-6.4.2.jar:/Users/sourav/.m2/repository/org/springframework/security/spring-security-web/6.4.2/spring-security-web-6.4.2.jar:/Users/sourav/.m2/repository/org/springframework/ai/spring-ai-azure-openai-spring-boot-starter/1.0.0-M5/spring-ai-azure-openai-spring-boot-starter-1.0.0-M5.jar:/Users/sourav/.m2/repository/org/springframework/ai/spring-ai-spring-boot-autoconfigure/1.0.0-M5/spring-ai-spring-boot-autoconfigure-1.0.0-M5.jar:/Users/sourav/.m2/repository/org/springframework/ai/spring-ai-azure-openai/1.0.0-M5/spring-ai-azure-openai-1.0.0-M5.jar:/Users/sourav/.m2/repository/com/azure/azure-ai-openai/1.0.0-beta.13/azure-ai-openai-1.0.0-beta.13.jar:/Users/sourav/.m2/repository/com/azure/azure-core/1.54.1/azure-core-1.54.1.jar:/Users/sourav/.m2/repository/com/azure/azure-json/1.3.0/azure-json-1.3.0.jar:/Users/sourav/.m2/repository/com/azure/azure-xml/1.1.0/azure-xml-1.1.0.jar:/Users/sourav/.m2/repository/com/azure/azure-core-http-netty/1.15.7/azure-core-http-netty-1.15.7.jar:/Users/sourav/.m2/repository/io/netty/netty-handler/4.1.117.Final/netty-handler-4.1.117.Final.jar:/Users/sourav/.m2/repository/io/netty/netty-resolver/4.1.117.Final/netty-resolver-4.1.117.Final.jar:/Users/sourav/.m2/repository/io/netty/netty-transport/4.1.117.Final/netty-transport-4.1.117.Final.jar:/Users/sourav/.m2/repository/io/netty/netty-handler-proxy/4.1.117.Final/netty-handler-proxy-4.1.117.Final.jar:/Users/sourav/.m2/repository/io/netty/netty-codec-socks/4.1.117.Final/netty-codec-socks-4.1.117.Final.jar:/Users/sourav/.m2/repository/io/netty/netty-buffer/4.1.117.Final/netty-buffer-4.1.117.Final.jar:/Users/sourav/.m2/repository/io/netty/netty-codec/4.1.117.Final/netty-codec-4.1.117.Final.jar:/Users/sourav/.m2/repository/io/netty/netty-codec-http/4.1.117.Final/netty-codec-http-4.1.117.Final.jar:/Users/sourav/.m2/repository/io/netty/netty-codec-http2/4.1.117.Final/netty-codec-http2-4.1.117.Final.jar:/Users/sourav/.m2/repository/io/netty/netty-transport-native-unix-common/4.1.117.Final/netty-transport-native-unix-common-4.1.117.Final.jar:/Users/sourav/.m2/repository/io/netty/netty-transport-native-epoll/4.1.117.Final/netty-transport-native-epoll-4.1.117.Final-linux-x86_64.jar:/Users/sourav/.m2/repository/io/netty/netty-transport-classes-epoll/4.1.117.Final/netty-transport-classes-epoll-4.1.117.Final.jar:/Users/sourav/.m2/repository/io/netty/netty-transport-native-kqueue/4.1.117.Final/netty-transport-native-kqueue-4.1.117.Final-osx-x86_64.jar:/Users/sourav/.m2/repository/io/netty/netty-transport-classes-kqueue/4.1.117.Final/netty-transport-classes-kqueue-4.1.117.Final.jar:/Users/sourav/.m2/repository/io/netty/netty-tcnative-boringssl-static/2.0.69.Final/netty-tcnative-boringssl-static-2.0.69.Final.jar:/Users/sourav/.m2/repository/io/netty/netty-tcnative-classes/2.0.69.Final/netty-tcnative-classes-2.0.69.Final.jar:/Users/sourav/.m2/repository/io/netty/netty-tcnative-boringssl-static/2.0.69.Final/netty-tcnative-boringssl-static-2.0.69.Final-linux-x86_64.jar:/Users/sourav/.m2/repository/io/netty/netty-tcnative-boringssl-static/2.0.69.Final/netty-tcnative-boringssl-static-2.0.69.Final-linux-aarch_64.jar:/Users/sourav/.m2/repository/io/netty/netty-tcnative-boringssl-static/2.0.69.Final/netty-tcnative-boringssl-static-2.0.69.Final-osx-x86_64.jar:/Users/sourav/.m2/repository/io/netty/netty-tcnative-boringssl-static/2.0.69.Final/netty-tcnative-boringssl-static-2.0.69.Final-osx-aarch_64.jar:/Users/sourav/.m2/repository/io/netty/netty-tcnative-boringssl-static/2.0.69.Final/netty-tcnative-boringssl-static-2.0.69.Final-windows-x86_64.jar:/Users/sourav/.m2/repository/io/projectreactor/netty/reactor-netty-http/1.2.2/reactor-netty-http-1.2.2.jar:/Users/sourav/.m2/repository/io/netty/netty-resolver-dns/4.1.117.Final/netty-resolver-dns-4.1.117.Final.jar:/Users/sourav/.m2/repository/io/netty/netty-codec-dns/4.1.117.Final/netty-codec-dns-4.1.117.Final.jar:/Users/sourav/.m2/repository/io/netty/netty-resolver-dns-native-macos/4.1.117.Final/netty-resolver-dns-native-macos-4.1.117.Final-osx-x86_64.jar:/Users/sourav/.m2/repository/io/netty/netty-resolver-dns-classes-macos/4.1.117.Final/netty-resolver-dns-classes-macos-4.1.117.Final.jar:/Users/sourav/.m2/repository/io/projectreactor/netty/reactor-netty-core/1.2.2/reactor-netty-core-1.2.2.jar:/Users/sourav/.m2/repository/io/netty/netty-common/4.1.117.Final/netty-common-4.1.117.Final.jar:/Users/sourav/.m2/repository/org/springframework/spring-context-support/6.2.2/spring-context-support-6.2.2.jar:/Users/sourav/.m2/repository/org/springframework/ai/spring-ai-pgvector-store-spring-boot-starter/1.0.0-M5/spring-ai-pgvector-store-spring-boot-starter-1.0.0-M5.jar:/Users/sourav/.m2/repository/org/springframework/ai/spring-ai-pgvector-store/1.0.0-M5/spring-ai-pgvector-store-1.0.0-M5.jar:/Users/sourav/.m2/repository/org/postgresql/postgresql/42.7.5/postgresql-42.7.5.jar:/Users/sourav/.m2/repository/org/checkerframework/checker-qual/3.48.3/checker-qual-3.48.3.jar:/Users/sourav/.m2/repository/com/pgvector/pgvector/0.1.6/pgvector-0.1.6.jar:/Users/sourav/.m2/repository/org/springframework/ai/spring-ai-pdf-document-reader/1.0.0-M5/spring-ai-pdf-document-reader-1.0.0-M5.jar:/Users/sourav/.m2/repository/org/springframework/ai/spring-ai-core/1.0.0-M5/spring-ai-core-1.0.0-M5.jar:/Users/sourav/.m2/repository/com/fasterxml/jackson/module/jackson-module-jsonSchema/2.18.2/jackson-module-jsonSchema-2.18.2.jar:/Users/sourav/.m2/repository/javax/validation/validation-api/1.1.0.Final/validation-api-1.1.0.Final.jar:/Users/sourav/.m2/repository/io/swagger/core/v3/swagger-annotations/2.2.20/swagger-annotations-2.2.20.jar:/Users/sourav/.m2/repository/com/github/victools/jsonschema-module-swagger-2/4.35.0/jsonschema-module-swagger-2-4.35.0.jar:/Users/sourav/.m2/repository/org/antlr/ST4/4.3.4/ST4-4.3.4.jar:/Users/sourav/.m2/repository/org/antlr/antlr-runtime/3.5.3/antlr-runtime-3.5.3.jar:/Users/sourav/.m2/repository/org/antlr/antlr4-runtime/4.13.1/antlr4-runtime-4.13.1.jar:/Users/sourav/.m2/repository/io/projectreactor/reactor-core/3.7.2/reactor-core-3.7.2.jar:/Users/sourav/.m2/repository/org/reactivestreams/reactive-streams/1.0.4/reactive-streams-1.0.4.jar:/Users/sourav/.m2/repository/org/springframework/spring-messaging/6.2.2/spring-messaging-6.2.2.jar:/Users/sourav/.m2/repository/io/micrometer/micrometer-core/1.14.3/micrometer-core-1.14.3.jar:/Users/sourav/.m2/repository/org/hdrhistogram/HdrHistogram/2.2.2/HdrHistogram-2.2.2.jar:/Users/sourav/.m2/repository/org/latencyutils/LatencyUtils/2.0.3/LatencyUtils-2.0.3.jar:/Users/sourav/.m2/repository/io/micrometer/context-propagation/1.1.2/context-propagation-1.1.2.jar:/Users/sourav/.m2/repository/com/knuddels/jtokkit/1.1.0/jtokkit-1.1.0.jar:/Users/sourav/.m2/repository/com/github/victools/jsonschema-generator/4.35.0/jsonschema-generator-4.35.0.jar:/Users/sourav/.m2/repository/com/fasterxml/classmate/1.7.0/classmate-1.7.0.jar:/Users/sourav/.m2/repository/com/github/victools/jsonschema-module-jackson/4.35.0/jsonschema-module-jackson-4.35.0.jar:/Users/sourav/.m2/repository/org/apache/pdfbox/pdfbox/3.0.3/pdfbox-3.0.3.jar:/Users/sourav/.m2/repository/org/apache/pdfbox/pdfbox-io/3.0.3/pdfbox-io-3.0.3.jar:/Users/sourav/.m2/repository/org/apache/pdfbox/fontbox/3.0.3/fontbox-3.0.3.jar:/Users/sourav/.m2/repository/io/github/thoroldvix/youtube-transcript-api/0.3.6/youtube-transcript-api-0.3.6.jar:/Users/sourav/.m2/repository/com/fasterxml/jackson/dataformat/jackson-dataformat-xml/2.18.2/jackson-dataformat-xml-2.18.2.jar:/Users/sourav/.m2/repository/com/fasterxml/jackson/core/jackson-core/2.18.2/jackson-core-2.18.2.jar:/Users/sourav/.m2/repository/com/fasterxml/jackson/core/jackson-annotations/2.18.2/jackson-annotations-2.18.2.jar:/Users/sourav/.m2/repository/org/codehaus/woodstox/stax2-api/4.2.2/stax2-api-4.2.2.jar:/Users/sourav/.m2/repository/com/fasterxml/woodstox/woodstox-core/7.0.0/woodstox-core-7.0.0.jar:/Users/sourav/.m2/repository/org/apache/commons/commons-text/1.12.0/commons-text-1.12.0.jar:/Users/sourav/.m2/repository/org/apache/commons/commons-lang3/3.17.0/commons-lang3-3.17.0.jar:/Users/sourav/.m2/repository/org/springframework/boot/spring-boot-starter-test/3.4.2/spring-boot-starter-test-3.4.2.jar:/Users/sourav/.m2/repository/org/springframework/boot/spring-boot-test/3.4.2/spring-boot-test-3.4.2.jar:/Users/sourav/.m2/repository/org/springframework/boot/spring-boot-test-autoconfigure/3.4.2/spring-boot-test-autoconfigure-3.4.2.jar:/Users/sourav/.m2/repository/com/jayway/jsonpath/json-path/2.9.0/json-path-2.9.0.jar:/Users/sourav/.m2/repository/jakarta/xml/bind/jakarta.xml.bind-api/4.0.2/jakarta.xml.bind-api-4.0.2.jar:/Users/sourav/.m2/repository/jakarta/activation/jakarta.activation-api/2.1.3/jakarta.activation-api-2.1.3.jar:/Users/sourav/.m2/repository/net/minidev/json-smart/2.5.1/json-smart-2.5.1.jar:/Users/sourav/.m2/repository/net/minidev/accessors-smart/2.5.1/accessors-smart-2.5.1.jar:/Users/sourav/.m2/repository/org/ow2/asm/asm/9.6/asm-9.6.jar:/Users/sourav/.m2/repository/org/assertj/assertj-core/3.26.3/assertj-core-3.26.3.jar:/Users/sourav/.m2/repository/net/bytebuddy/byte-buddy/1.15.11/byte-buddy-1.15.11.jar:/Users/sourav/.m2/repository/org/awaitility/awaitility/4.2.2/awaitility-4.2.2.jar:/Users/sourav/.m2/repository/org/hamcrest/hamcrest/2.2/hamcrest-2.2.jar:/Users/sourav/.m2/repository/org/junit/jupiter/junit-jupiter/5.11.4/junit-jupiter-5.11.4.jar:/Users/sourav/.m2/repository/org/junit/jupiter/junit-jupiter-api/5.11.4/junit-jupiter-api-5.11.4.jar:/Users/sourav/.m2/repository/org/opentest4j/opentest4j/1.3.0/opentest4j-1.3.0.jar:/Users/sourav/.m2/repository/org/junit/platform/junit-platform-commons/1.11.4/junit-platform-commons-1.11.4.jar:/Users/sourav/.m2/repository/org/apiguardian/apiguardian-api/1.1.2/apiguardian-api-1.1.2.jar:/Users/sourav/.m2/repository/org/junit/jupiter/junit-jupiter-params/5.11.4/junit-jupiter-params-5.11.4.jar:/Users/sourav/.m2/repository/org/junit/jupiter/junit-jupiter-engine/5.11.4/junit-jupiter-engine-5.11.4.jar:/Users/sourav/.m2/repository/org/junit/platform/junit-platform-engine/1.11.4/junit-platform-engine-1.11.4.jar:/Users/sourav/.m2/repository/org/mockito/mockito-core/5.14.2/mockito-core-5.14.2.jar:/Users/sourav/.m2/repository/net/bytebuddy/byte-buddy-agent/1.15.11/byte-buddy-agent-1.15.11.jar:/Users/sourav/.m2/repository/org/objenesis/objenesis/3.3/objenesis-3.3.jar:/Users/sourav/.m2/repository/org/mockito/mockito-junit-jupiter/5.14.2/mockito-junit-jupiter-5.14.2.jar:/Users/sourav/.m2/repository/org/skyscreamer/jsonassert/1.5.3/jsonassert-1.5.3.jar:/Users/sourav/.m2/repository/com/vaadin/external/google/android-json/0.0.20131108.vaadin1/android-json-0.0.20131108.vaadin1.jar:/Users/sourav/.m2/repository/org/springframework/spring-core/6.2.2/spring-core-6.2.2.jar:/Users/sourav/.m2/repository/org/springframework/spring-jcl/6.2.2/spring-jcl-6.2.2.jar:/Users/sourav/.m2/repository/org/springframework/spring-test/6.2.2/spring-test-6.2.2.jar:/Users/sourav/.m2/repository/org/xmlunit/xmlunit-core/2.10.0/xmlunit-core-2.10.0.jar:"/>
    <property name="java.vm.vendor" value="GraalVM Community"/>
    <property name="sun.arch.data.model" value="64"/>
    <property name="java.vendor.url" value="https://www.graalvm.org/"/>
    <property name="user.timezone" value="Asia/Kolkata"/>
    <property name="os.name" value="Mac OS X"/>
    <property name="java.vm.specification.version" value="21"/>
    <property name="APPLICATION_NAME" value="rag"/>
    <property name="sun.java.launcher" value="SUN_STANDARD"/>
    <property name="user.country" value="US"/>
    <property name="sun.boot.library.path" value="/Users/sourav/.sdkman/candidates/java/21-graalce/lib"/>
    <property name="sun.java.command" value="/Users/sourav/Documents/Development/AI/rag-master/target/surefire/surefirebooter-20250214232432529_3.jar /Users/sourav/Documents/Development/AI/rag-master/target/surefire 2025-02-14T23-24-32_449-jvmRun1 surefire-20250214232432529_1tmp surefire_0-20250214232432529_2tmp"/>
    <property name="http.nonProxyHosts" value="local|*.local|169.254/16|*.169.254/16"/>
    <property name="jdk.debug" value="release"/>
    <property name="surefire.test.class.path" value="/Users/sourav/Documents/Development/AI/rag-master/target/test-classes:/Users/sourav/Documents/Development/AI/rag-master/target/classes:/Users/sourav/.m2/repository/org/springframework/boot/spring-boot-starter-data-jdbc/3.4.2/spring-boot-starter-data-jdbc-3.4.2.jar:/Users/sourav/.m2/repository/org/springframework/boot/spring-boot-starter-jdbc/3.4.2/spring-boot-starter-jdbc-3.4.2.jar:/Users/sourav/.m2/repository/com/zaxxer/HikariCP/5.1.0/HikariCP-5.1.0.jar:/Users/sourav/.m2/repository/org/springframework/spring-jdbc/6.2.2/spring-jdbc-6.2.2.jar:/Users/sourav/.m2/repository/org/springframework/data/spring-data-jdbc/3.4.2/spring-data-jdbc-3.4.2.jar:/Users/sourav/.m2/repository/org/springframework/data/spring-data-relational/3.4.2/spring-data-relational-3.4.2.jar:/Users/sourav/.m2/repository/org/springframework/data/spring-data-commons/3.4.2/spring-data-commons-3.4.2.jar:/Users/sourav/.m2/repository/org/springframework/spring-tx/6.2.2/spring-tx-6.2.2.jar:/Users/sourav/.m2/repository/org/springframework/spring-context/6.2.2/spring-context-6.2.2.jar:/Users/sourav/.m2/repository/org/springframework/spring-beans/6.2.2/spring-beans-6.2.2.jar:/Users/sourav/.m2/repository/org/slf4j/slf4j-api/2.0.16/slf4j-api-2.0.16.jar:/Users/sourav/.m2/repository/org/springframework/boot/spring-boot-starter-web/3.4.2/spring-boot-starter-web-3.4.2.jar:/Users/sourav/.m2/repository/org/springframework/boot/spring-boot-starter/3.4.2/spring-boot-starter-3.4.2.jar:/Users/sourav/.m2/repository/org/springframework/boot/spring-boot/3.4.2/spring-boot-3.4.2.jar:/Users/sourav/.m2/repository/org/springframework/boot/spring-boot-autoconfigure/3.4.2/spring-boot-autoconfigure-3.4.2.jar:/Users/sourav/.m2/repository/org/springframework/boot/spring-boot-starter-logging/3.4.2/spring-boot-starter-logging-3.4.2.jar:/Users/sourav/.m2/repository/ch/qos/logback/logback-classic/1.5.16/logback-classic-1.5.16.jar:/Users/sourav/.m2/repository/ch/qos/logback/logback-core/1.5.16/logback-core-1.5.16.jar:/Users/sourav/.m2/repository/org/apache/logging/log4j/log4j-to-slf4j/2.24.3/log4j-to-slf4j-2.24.3.jar:/Users/sourav/.m2/repository/org/apache/logging/log4j/log4j-api/2.24.3/log4j-api-2.24.3.jar:/Users/sourav/.m2/repository/org/slf4j/jul-to-slf4j/2.0.16/jul-to-slf4j-2.0.16.jar:/Users/sourav/.m2/repository/jakarta/annotation/jakarta.annotation-api/2.1.1/jakarta.annotation-api-2.1.1.jar:/Users/sourav/.m2/repository/org/yaml/snakeyaml/2.3/snakeyaml-2.3.jar:/Users/sourav/.m2/repository/org/springframework/boot/spring-boot-starter-json/3.4.2/spring-boot-starter-json-3.4.2.jar:/Users/sourav/.m2/repository/com/fasterxml/jackson/core/jackson-databind/2.18.2/jackson-databind-2.18.2.jar:/Users/sourav/.m2/repository/com/fasterxml/jackson/datatype/jackson-datatype-jdk8/2.18.2/jackson-datatype-jdk8-2.18.2.jar:/Users/sourav/.m2/repository/com/fasterxml/jackson/datatype/jackson-datatype-jsr310/2.18.2/jackson-datatype-jsr310-2.18.2.jar:/Users/sourav/.m2/repository/com/fasterxml/jackson/module/jackson-module-parameter-names/2.18.2/jackson-module-parameter-names-2.18.2.jar:/Users/sourav/.m2/repository/org/springframework/boot/spring-boot-starter-tomcat/3.4.2/spring-boot-starter-tomcat-3.4.2.jar:/Users/sourav/.m2/repository/org/apache/tomcat/embed/tomcat-embed-core/10.1.34/tomcat-embed-core-10.1.34.jar:/Users/sourav/.m2/repository/org/apache/tomcat/embed/tomcat-embed-el/10.1.34/tomcat-embed-el-10.1.34.jar:/Users/sourav/.m2/repository/org/apache/tomcat/embed/tomcat-embed-websocket/10.1.34/tomcat-embed-websocket-10.1.34.jar:/Users/sourav/.m2/repository/org/springframework/spring-web/6.2.2/spring-web-6.2.2.jar:/Users/sourav/.m2/repository/io/micrometer/micrometer-observation/1.14.3/micrometer-observation-1.14.3.jar:/Users/sourav/.m2/repository/io/micrometer/micrometer-commons/1.14.3/micrometer-commons-1.14.3.jar:/Users/sourav/.m2/repository/org/springframework/spring-webmvc/6.2.2/spring-webmvc-6.2.2.jar:/Users/sourav/.m2/repository/org/springframework/spring-expression/6.2.2/spring-expression-6.2.2.jar:/Users/sourav/.m2/repository/org/springframework/boot/spring-boot-starter-security/3.4.2/spring-boot-starter-security-3.4.2.jar:/Users/sourav/.m2/repository/org/springframework/spring-aop/6.2.2/spring-aop-6.2.2.jar:/Users/sourav/.m2/repository/org/springframework/security/spring-security-config/6.4.2/spring-security-config-6.4.2.jar:/Users/sourav/.m2/repository/org/springframework/security/spring-security-core/6.4.2/spring-security-core-6.4.2.jar:/Users/sourav/.m2/repository/org/springframework/security/spring-security-crypto/6.4.2/spring-security-crypto-6.4.2.jar:/Users/sourav/.m2/repository/org/springframework/security/spring-security-web/6.4.2/spring-security-web-6.4.2.jar:/Users/sourav/.m2/repository/org/springframework/ai/spring-ai-azure-openai-spring-boot-starter/1.0.0-M5/spring-ai-azure-openai-spring-boot-starter-1.0.0-M5.jar:/Users/sourav/.m2/repository/org/springframework/ai/spring-ai-spring-boot-autoconfigure/1.0.0-M5/spring-ai-spring-boot-autoconfigure-1.0.0-M5.jar:/Users/sourav/.m2/repository/org/springframework/ai/spring-ai-azure-openai/1.0.0-M5/spring-ai-azure-openai-1.0.0-M5.jar:/Users/sourav/.m2/repository/com/azure/azure-ai-openai/1.0.0-beta.13/azure-ai-openai-1.0.0-beta.13.jar:/Users/sourav/.m2/repository/com/azure/azure-core/1.54.1/azure-core-1.54.1.jar:/Users/sourav/.m2/repository/com/azure/azure-json/1.3.0/azure-json-1.3.0.jar:/Users/sourav/.m2/repository/com/azure/azure-xml/1.1.0/azure-xml-1.1.0.jar:/Users/sourav/.m2/repository/com/azure/azure-core-http-netty/1.15.7/azure-core-http-netty-1.15.7.jar:/Users/sourav/.m2/repository/io/netty/netty-handler/4.1.117.Final/netty-handler-4.1.117.Final.jar:/Users/sourav/.m2/repository/io/netty/netty-resolver/4.1.117.Final/netty-resolver-4.1.117.Final.jar:/Users/sourav/.m2/repository/io/netty/netty-transport/4.1.117.Final/netty-transport-4.1.117.Final.jar:/Users/sourav/.m2/repository/io/netty/netty-handler-proxy/4.1.117.Final/netty-handler-proxy-4.1.117.Final.jar:/Users/sourav/.m2/repository/io/netty/netty-codec-socks/4.1.117.Final/netty-codec-socks-4.1.117.Final.jar:/Users/sourav/.m2/repository/io/netty/netty-buffer/4.1.117.Final/netty-buffer-4.1.117.Final.jar:/Users/sourav/.m2/repository/io/netty/netty-codec/4.1.117.Final/netty-codec-4.1.117.Final.jar:/Users/sourav/.m2/repository/io/netty/netty-codec-http/4.1.117.Final/netty-codec-http-4.1.117.Final.jar:/Users/sourav/.m2/repository/io/netty/netty-codec-http2/4.1.117.Final/netty-codec-http2-4.1.117.Final.jar:/Users/sourav/.m2/repository/io/netty/netty-transport-native-unix-common/4.1.117.Final/netty-transport-native-unix-common-4.1.117.Final.jar:/Users/sourav/.m2/repository/io/netty/netty-transport-native-epoll/4.1.117.Final/netty-transport-native-epoll-4.1.117.Final-linux-x86_64.jar:/Users/sourav/.m2/repository/io/netty/netty-transport-classes-epoll/4.1.117.Final/netty-transport-classes-epoll-4.1.117.Final.jar:/Users/sourav/.m2/repository/io/netty/netty-transport-native-kqueue/4.1.117.Final/netty-transport-native-kqueue-4.1.117.Final-osx-x86_64.jar:/Users/sourav/.m2/repository/io/netty/netty-transport-classes-kqueue/4.1.117.Final/netty-transport-classes-kqueue-4.1.117.Final.jar:/Users/sourav/.m2/repository/io/netty/netty-tcnative-boringssl-static/2.0.69.Final/netty-tcnative-boringssl-static-2.0.69.Final.jar:/Users/sourav/.m2/repository/io/netty/netty-tcnative-classes/2.0.69.Final/netty-tcnative-classes-2.0.69.Final.jar:/Users/sourav/.m2/repository/io/netty/netty-tcnative-boringssl-static/2.0.69.Final/netty-tcnative-boringssl-static-2.0.69.Final-linux-x86_64.jar:/Users/sourav/.m2/repository/io/netty/netty-tcnative-boringssl-static/2.0.69.Final/netty-tcnative-boringssl-static-2.0.69.Final-linux-aarch_64.jar:/Users/sourav/.m2/repository/io/netty/netty-tcnative-boringssl-static/2.0.69.Final/netty-tcnative-boringssl-static-2.0.69.Final-osx-x86_64.jar:/Users/sourav/.m2/repository/io/netty/netty-tcnative-boringssl-static/2.0.69.Final/netty-tcnative-boringssl-static-2.0.69.Final-osx-aarch_64.jar:/Users/sourav/.m2/repository/io/netty/netty-tcnative-boringssl-static/2.0.69.Final/netty-tcnative-boringssl-static-2.0.69.Final-windows-x86_64.jar:/Users/sourav/.m2/repository/io/projectreactor/netty/reactor-netty-http/1.2.2/reactor-netty-http-1.2.2.jar:/Users/sourav/.m2/repository/io/netty/netty-resolver-dns/4.1.117.Final/netty-resolver-dns-4.1.117.Final.jar:/Users/sourav/.m2/repository/io/netty/netty-codec-dns/4.1.117.Final/netty-codec-dns-4.1.117.Final.jar:/Users/sourav/.m2/repository/io/netty/netty-resolver-dns-native-macos/4.1.117.Final/netty-resolver-dns-native-macos-4.1.117.Final-osx-x86_64.jar:/Users/sourav/.m2/repository/io/netty/netty-resolver-dns-classes-macos/4.1.117.Final/netty-resolver-dns-classes-macos-4.1.117.Final.jar:/Users/sourav/.m2/repository/io/projectreactor/netty/reactor-netty-core/1.2.2/reactor-netty-core-1.2.2.jar:/Users/sourav/.m2/repository/io/netty/netty-common/4.1.117.Final/netty-common-4.1.117.Final.jar:/Users/sourav/.m2/repository/org/springframework/spring-context-support/6.2.2/spring-context-support-6.2.2.jar:/Users/sourav/.m2/repository/org/springframework/ai/spring-ai-pgvector-store-spring-boot-starter/1.0.0-M5/spring-ai-pgvector-store-spring-boot-starter-1.0.0-M5.jar:/Users/sourav/.m2/repository/org/springframework/ai/spring-ai-pgvector-store/1.0.0-M5/spring-ai-pgvector-store-1.0.0-M5.jar:/Users/sourav/.m2/repository/org/postgresql/postgresql/42.7.5/postgresql-42.7.5.jar:/Users/sourav/.m2/repository/org/checkerframework/checker-qual/3.48.3/checker-qual-3.48.3.jar:/Users/sourav/.m2/repository/com/pgvector/pgvector/0.1.6/pgvector-0.1.6.jar:/Users/sourav/.m2/repository/org/springframework/ai/spring-ai-pdf-document-reader/1.0.0-M5/spring-ai-pdf-document-reader-1.0.0-M5.jar:/Users/sourav/.m2/repository/org/springframework/ai/spring-ai-core/1.0.0-M5/spring-ai-core-1.0.0-M5.jar:/Users/sourav/.m2/repository/com/fasterxml/jackson/module/jackson-module-jsonSchema/2.18.2/jackson-module-jsonSchema-2.18.2.jar:/Users/sourav/.m2/repository/javax/validation/validation-api/1.1.0.Final/validation-api-1.1.0.Final.jar:/Users/sourav/.m2/repository/io/swagger/core/v3/swagger-annotations/2.2.20/swagger-annotations-2.2.20.jar:/Users/sourav/.m2/repository/com/github/victools/jsonschema-module-swagger-2/4.35.0/jsonschema-module-swagger-2-4.35.0.jar:/Users/sourav/.m2/repository/org/antlr/ST4/4.3.4/ST4-4.3.4.jar:/Users/sourav/.m2/repository/org/antlr/antlr-runtime/3.5.3/antlr-runtime-3.5.3.jar:/Users/sourav/.m2/repository/org/antlr/antlr4-runtime/4.13.1/antlr4-runtime-4.13.1.jar:/Users/sourav/.m2/repository/io/projectreactor/reactor-core/3.7.2/reactor-core-3.7.2.jar:/Users/sourav/.m2/repository/org/reactivestreams/reactive-streams/1.0.4/reactive-streams-1.0.4.jar:/Users/sourav/.m2/repository/org/springframework/spring-messaging/6.2.2/spring-messaging-6.2.2.jar:/Users/sourav/.m2/repository/io/micrometer/micrometer-core/1.14.3/micrometer-core-1.14.3.jar:/Users/sourav/.m2/repository/org/hdrhistogram/HdrHistogram/2.2.2/HdrHistogram-2.2.2.jar:/Users/sourav/.m2/repository/org/latencyutils/LatencyUtils/2.0.3/LatencyUtils-2.0.3.jar:/Users/sourav/.m2/repository/io/micrometer/context-propagation/1.1.2/context-propagation-1.1.2.jar:/Users/sourav/.m2/repository/com/knuddels/jtokkit/1.1.0/jtokkit-1.1.0.jar:/Users/sourav/.m2/repository/com/github/victools/jsonschema-generator/4.35.0/jsonschema-generator-4.35.0.jar:/Users/sourav/.m2/repository/com/fasterxml/classmate/1.7.0/classmate-1.7.0.jar:/Users/sourav/.m2/repository/com/github/victools/jsonschema-module-jackson/4.35.0/jsonschema-module-jackson-4.35.0.jar:/Users/sourav/.m2/repository/org/apache/pdfbox/pdfbox/3.0.3/pdfbox-3.0.3.jar:/Users/sourav/.m2/repository/org/apache/pdfbox/pdfbox-io/3.0.3/pdfbox-io-3.0.3.jar:/Users/sourav/.m2/repository/org/apache/pdfbox/fontbox/3.0.3/fontbox-3.0.3.jar:/Users/sourav/.m2/repository/io/github/thoroldvix/youtube-transcript-api/0.3.6/youtube-transcript-api-0.3.6.jar:/Users/sourav/.m2/repository/com/fasterxml/jackson/dataformat/jackson-dataformat-xml/2.18.2/jackson-dataformat-xml-2.18.2.jar:/Users/sourav/.m2/repository/com/fasterxml/jackson/core/jackson-core/2.18.2/jackson-core-2.18.2.jar:/Users/sourav/.m2/repository/com/fasterxml/jackson/core/jackson-annotations/2.18.2/jackson-annotations-2.18.2.jar:/Users/sourav/.m2/repository/org/codehaus/woodstox/stax2-api/4.2.2/stax2-api-4.2.2.jar:/Users/sourav/.m2/repository/com/fasterxml/woodstox/woodstox-core/7.0.0/woodstox-core-7.0.0.jar:/Users/sourav/.m2/repository/org/apache/commons/commons-text/1.12.0/commons-text-1.12.0.jar:/Users/sourav/.m2/repository/org/apache/commons/commons-lang3/3.17.0/commons-lang3-3.17.0.jar:/Users/sourav/.m2/repository/org/springframework/boot/spring-boot-starter-test/3.4.2/spring-boot-starter-test-3.4.2.jar:/Users/sourav/.m2/repository/org/springframework/boot/spring-boot-test/3.4.2/spring-boot-test-3.4.2.jar:/Users/sourav/.m2/repository/org/springframework/boot/spring-boot-test-autoconfigure/3.4.2/spring-boot-test-autoconfigure-3.4.2.jar:/Users/sourav/.m2/repository/com/jayway/jsonpath/json-path/2.9.0/json-path-2.9.0.jar:/Users/sourav/.m2/repository/jakarta/xml/bind/jakarta.xml.bind-api/4.0.2/jakarta.xml.bind-api-4.0.2.jar:/Users/sourav/.m2/repository/jakarta/activation/jakarta.activation-api/2.1.3/jakarta.activation-api-2.1.3.jar:/Users/sourav/.m2/repository/net/minidev/json-smart/2.5.1/json-smart-2.5.1.jar:/Users/sourav/.m2/repository/net/minidev/accessors-smart/2.5.1/accessors-smart-2.5.1.jar:/Users/sourav/.m2/repository/org/ow2/asm/asm/9.6/asm-9.6.jar:/Users/sourav/.m2/repository/org/assertj/assertj-core/3.26.3/assertj-core-3.26.3.jar:/Users/sourav/.m2/repository/net/bytebuddy/byte-buddy/1.15.11/byte-buddy-1.15.11.jar:/Users/sourav/.m2/repository/org/awaitility/awaitility/4.2.2/awaitility-4.2.2.jar:/Users/sourav/.m2/repository/org/hamcrest/hamcrest/2.2/hamcrest-2.2.jar:/Users/sourav/.m2/repository/org/junit/jupiter/junit-jupiter/5.11.4/junit-jupiter-5.11.4.jar:/Users/sourav/.m2/repository/org/junit/jupiter/junit-jupiter-api/5.11.4/junit-jupiter-api-5.11.4.jar:/Users/sourav/.m2/repository/org/opentest4j/opentest4j/1.3.0/opentest4j-1.3.0.jar:/Users/sourav/.m2/repository/org/junit/platform/junit-platform-commons/1.11.4/junit-platform-commons-1.11.4.jar:/Users/sourav/.m2/repository/org/apiguardian/apiguardian-api/1.1.2/apiguardian-api-1.1.2.jar:/Users/sourav/.m2/repository/org/junit/jupiter/junit-jupiter-params/5.11.4/junit-jupiter-params-5.11.4.jar:/Users/sourav/.m2/repository/org/junit/jupiter/junit-jupiter-engine/5.11.4/junit-jupiter-engine-5.11.4.jar:/Users/sourav/.m2/repository/org/junit/platform/junit-platform-engine/1.11.4/junit-platform-engine-1.11.4.jar:/Users/sourav/.m2/repository/org/mockito/mockito-core/5.14.2/mockito-core-5.14.2.jar:/Users/sourav/.m2/repository/net/bytebuddy/byte-buddy-agent/1.15.11/byte-buddy-agent-1.15.11.jar:/Users/sourav/.m2/repository/org/objenesis/objenesis/3.3/objenesis-3.3.jar:/Users/sourav/.m2/repository/org/mockito/mockito-junit-jupiter/5.14.2/mockito-junit-jupiter-5.14.2.jar:/Users/sourav/.m2/repository/org/skyscreamer/jsonassert/1.5.3/jsonassert-1.5.3.jar:/Users/sourav/.m2/repository/com/vaadin/external/google/android-json/0.0.20131108.vaadin1/android-json-0.0.20131108.vaadin1.jar:/Users/sourav/.m2/repository/org/springframework/spring-core/6.2.2/spring-core-6.2.2.jar:/Users/sourav/.m2/repository/org/springframework/spring-jcl/6.2.2/spring-jcl-6.2.2.jar:/Users/sourav/.m2/repository/org/springframework/spring-test/6.2.2/spring-test-6.2.2.jar:/Users/sourav/.m2/repository/org/xmlunit/xmlunit-core/2.10.0/xmlunit-core-2.10.0.jar:"/>
    <property name="sun.cpu.endian" value="little"/>
    <property name="user.home" value="/Users/sourav"/>
    <property name="user.language" value="en"/>
    <property name="java.specification.vendor" value="Oracle Corporation"/>
    <property name="java.version.date" value="2023-09-19"/>
    <property name="java.home" value="/Users/sourav/.sdkman/candidates/java/21-graalce"/>
    <property name="file.separator" value="/"/>
    <property name="basedir" value="/Users/sourav/Documents/Development/AI/rag-master"/>
    <property name="java.vm.compressedOopsMode" value="Zero based"/>
    <property name="jdk.internal.vm.ci.enabled" value="true"/>
    <property name="line.separator" value="&#10;"/>
    <property name="java.vm.specification.vendor" value="Oracle Corporation"/>
    <property name="java.specification.name" value="Java Platform API Specification"/>
    <property name="FILE_LOG_CHARSET" value="UTF-8"/>
    <property name="java.awt.headless" value="true"/>
    <property name="apple.awt.application.name" value="ForkedBooter"/>
    <property name="surefire.real.class.path" value="/Users/sourav/Documents/Development/AI/rag-master/target/surefire/surefirebooter-20250214232432529_3.jar"/>
    <property name="sun.management.compiler" value="HotSpot 64-Bit Tiered Compilers"/>
    <property name="ftp.nonProxyHosts" value="local|*.local|169.254/16|*.169.254/16"/>
    <property name="java.runtime.version" value="21+35-jvmci-23.1-b15"/>
    <property name="user.name" value="sourav"/>
    <property name="stdout.encoding" value="UTF-8"/>
    <property name="path.separator" value=":"/>
    <property name="os.version" value="15.3"/>
    <property name="java.runtime.name" value="OpenJDK Runtime Environment"/>
    <property name="file.encoding" value="UTF-8"/>
    <property name="java.vm.name" value="OpenJDK 64-Bit Server VM"/>
    <property name="java.vendor.version" value="GraalVM CE 21+35.1"/>
    <property name="localRepository" value="/Users/sourav/.m2/repository"/>
    <property name="java.vendor.url.bug" value="https://github.com/oracle/graal/issues"/>
    <property name="java.io.tmpdir" value="/var/folders/hx/x335sk_s3qqclpzzlk2s7sgh0000gn/T/"/>
    <property name="com.zaxxer.hikari.pool_number" value="1"/>
    <property name="java.version" value="21"/>
    <property name="user.dir" value="/Users/sourav/Documents/Development/AI/rag-master"/>
    <property name="os.arch" value="x86_64"/>
    <property name="java.vm.specification.name" value="Java Virtual Machine Specification"/>
    <property name="PID" value="39103"/>
    <property name="CONSOLE_LOG_CHARSET" value="UTF-8"/>
    <property name="native.encoding" value="UTF-8"/>
    <property name="java.library.path" value="/Users/sourav/Library/Java/Extensions:/Library/Java/Extensions:/Network/Library/Java/Extensions:/System/Library/Java/Extensions:/usr/lib/java:."/>
    <property name="java.vm.info" value="mixed mode, sharing"/>
    <property name="stderr.encoding" value="UTF-8"/>
    <property name="java.vendor" value="GraalVM Community"/>
    <property name="java.vm.version" value="21+35-jvmci-23.1-b15"/>
    <property name="sun.io.unicode.encoding" value="UnicodeBig"/>
    <property name="socksNonProxyHosts" value="local|*.local|169.254/16|*.169.254/16"/>
    <property name="java.class.version" value="65.0"/>
    <property name="LOGGED_APPLICATION_NAME" value="[rag] "/>
  </properties>
  <testcase name="contextLoads" classname="com.document.chat.rag.RagApplicationTests" time="0.815">
    <system-out><![CDATA[23:24:33.188 [main] INFO org.springframework.test.context.support.AnnotationConfigContextLoaderUtils -- Could not detect default configuration classes for test class [com.document.chat.rag.RagApplicationTests]: RagApplicationTests does not declare any static, non-private, non-final, nested classes annotated with @Configuration.
23:24:33.279 [main] INFO org.springframework.boot.test.context.SpringBootTestContextBootstrapper -- Found @SpringBootConfiguration com.document.chat.rag.RagApplication for test class com.document.chat.rag.RagApplicationTests

  .   ____          _            __ _ _
 /\\ / ___'_ __ _ _(_)_ __  __ _ \ \ \ \
( ( )\___ | '_ | '_| | '_ \/ _` | \ \ \ \
 \\/  ___)| |_)| | | | | || (_| |  ) ) ) )
  '  |____| .__|_| |_|_| |_\__, | / / / /
 =========|_|==============|___/=/_/_/_/

 :: Spring Boot ::                (v3.4.2)

2025-02-14T23:24:33.567+05:30  INFO 39103 --- [rag] [           main] c.document.chat.rag.RagApplicationTests  : Starting RagApplicationTests using Java 21 with PID 39103 (started by sourav in /Users/sourav/Documents/Development/AI/rag-master)
2025-02-14T23:24:33.568+05:30  INFO 39103 --- [rag] [           main] c.document.chat.rag.RagApplicationTests  : No active profile set, falling back to 1 default profile: "default"
2025-02-14T23:24:34.129+05:30  INFO 39103 --- [rag] [           main] .s.d.r.c.RepositoryConfigurationDelegate : Bootstrapping Spring Data JDBC repositories in DEFAULT mode.
2025-02-14T23:24:34.145+05:30  INFO 39103 --- [rag] [           main] .s.d.r.c.RepositoryConfigurationDelegate : Finished Spring Data repository scanning in 11 ms. Found 0 JDBC repository interfaces.
2025-02-14T23:24:34.565+05:30  INFO 39103 --- [rag] [           main] c.a.c.h.n.implementation.NettyUtility    : {"az.sdk.message":"The following Netty versions were found on the classpath and have a mismatch with the versions used by azure-core-http-netty. If your application runs without issue this message can be ignored, otherwise please align the Netty versions used in your application. For more information, see https://aka.ms/azsdk/java/dependency/troubleshoot.","azure-netty-version":"4.1.115.Final","azure-netty-native-version":"2.0.69.Final","classpath-netty-version-io.netty:netty-common":"4.1.117.Final","classpath-netty-version-io.netty:netty-handler":"4.1.117.Final","classpath-netty-version-io.netty:netty-handler-proxy":"4.1.117.Final","classpath-netty-version-io.netty:netty-buffer":"4.1.117.Final","classpath-netty-version-io.netty:netty-codec":"4.1.117.Final","classpath-netty-version-io.netty:netty-codec-http":"4.1.117.Final","classpath-netty-version-io.netty:netty-codec-http2":"4.1.117.Final","classpath-netty-version-io.netty:netty-transport-native-unix-common":"4.1.117.Final","classpath-netty-version-io.netty:netty-transport-native-epoll":"4.1.117.Final","classpath-netty-version-io.netty:netty-transport-native-kqueue":"4.1.117.Final","classpath-native-netty-version-io.netty:netty-tcnative-boringssl-static":"2.0.69.Final"}
2025-02-14T23:24:34.976+05:30  INFO 39103 --- [rag] [           main] o.s.a.v.pgvector.PgVectorStore           : Using the vector table name: documentgpt_vectors. Is empty: false
2025-02-14T23:24:34.980+05:30  INFO 39103 --- [rag] [           main] o.s.a.v.pgvector.PgVectorStore           : Initializing PGVectorStore schema for table: documentgpt_vectors in schema: public
2025-02-14T23:24:34.980+05:30  INFO 39103 --- [rag] [           main] o.s.a.v.pgvector.PgVectorStore           : vectorTableValidationsEnabled false
2025-02-14T23:24:34.983+05:30  INFO 39103 --- [rag] [           main] com.zaxxer.hikari.HikariDataSource       : HikariPool-1 - Starting...
2025-02-14T23:24:39.037+05:30  INFO 39103 --- [rag] [           main] com.zaxxer.hikari.pool.HikariPool        : HikariPool-1 - Added connection org.postgresql.jdbc.PgConnection@67e21b55
2025-02-14T23:24:39.039+05:30  INFO 39103 --- [rag] [           main] com.zaxxer.hikari.HikariDataSource       : HikariPool-1 - Start completed.
2025-02-14T23:24:43.653+05:30  WARN 39103 --- [rag] [           main] .s.s.UserDetailsServiceAutoConfiguration : 

Using generated security password: 8d06383e-5ecd-4bb4-8836-934581d44866

This generated password is for development use only. Your security configuration must be updated before running your application in production.

2025-02-14T23:24:43.662+05:30  INFO 39103 --- [rag] [           main] r$InitializeUserDetailsManagerConfigurer : Global AuthenticationManager configured with UserDetailsService bean with name inMemoryUserDetailsManager
2025-02-14T23:24:43.721+05:30  INFO 39103 --- [rag] [           main] o.s.s.w.a.c.ChannelProcessingFilter      : Validated configuration attributes
2025-02-14T23:24:44.468+05:30  INFO 39103 --- [rag] [           main] c.document.chat.rag.RagApplicationTests  : Started RagApplicationTests in 11.084 seconds (process running for 11.807)
2025-02-14T23:24:46.644+05:30  INFO 39103 --- [rag] [           main] c.d.c.r.ingestion.VideoIngestionService  : result size  : 4
]]></system-out>
    <system-err><![CDATA[Mockito is currently self-attaching to enable the inline-mock-maker. This will no longer work in future releases of the JDK. Please add Mockito as an agent to your build what is described in Mockito's documentation: https://javadoc.io/doc/org.mockito/mockito-core/latest/org/mockito/Mockito.html#0.3
WARNING: A Java agent has been loaded dynamically (/Users/sourav/.m2/repository/net/bytebuddy/byte-buddy-agent/1.15.11/byte-buddy-agent-1.15.11.jar)
WARNING: If a serviceability tool is in use, please run with -XX:+EnableDynamicAgentLoading to hide this warning
WARNING: If a serviceability tool is not in use, please run with -Djdk.instrument.traceUsage for more information
WARNING: Dynamic loading of agents will be disallowed by default in a future release
]]></system-err>
  </testcase>
</testsuite>